TN:
SF:index.js
FN:22,words
FN:32,camelCase
FN:40,pascalCase
FN:45,snakeCase
FN:50,kebabCase
FN:55,constantCase
FN:60,dotCase
FN:65,titleCase
FN:70,sentenceCase
FN:80,compact
FN:86,trimLines
FN:92,stripWhitespace
FN:100,pad
FN:114,padLeft
FN:122,padRight
FN:132,truncate
FN:142,prune
FN:156,count
FN:162,indexOfAll
FN:175,startsWithAny
FN:180,endsWithAny
FN:185,containsAny
FN:192,capitalize
FN:198,capitalizeWords
FN:204,swapCase
FN:211,reverse
FN:216,repeat
FN:229,interpolate
FN:232,escapeRegex
FN:244,chop
FN:255,lines
FN:269,escapeHtml
FN:274,unescapeHtml
FN:289,escapeRegExp
FN:294,stripTags
FN:305,slugify
FN:322,isBlank
FN:327,isEmpty
FN:332,isAlpha
FN:337,isAlphanumeric
FN:342,isNumeric
FN:350,randomString
FN:359,levenshtein
FN:378,similarity
FN:386,surround
FN:392,uncapitalize
FNF:46
FNH:46
FNDA:36,words
FNDA:5,camelCase
FNDA:3,pascalCase
FNDA:3,snakeCase
FNDA:3,kebabCase
FNDA:2,constantCase
FNDA:2,dotCase
FNDA:2,titleCase
FNDA:2,sentenceCase
FNDA:4,compact
FNDA:3,trimLines
FNDA:4,stripWhitespace
FNDA:8,pad
FNDA:6,padLeft
FNDA:6,padRight
FNDA:9,truncate
FNDA:3,prune
FNDA:3,count
FNDA:2,indexOfAll
FNDA:2,startsWithAny
FNDA:2,endsWithAny
FNDA:2,containsAny
FNDA:3,capitalize
FNDA:9,capitalizeWords
FNDA:2,swapCase
FNDA:5,reverse
FNDA:3,repeat
FNDA:13,interpolate
FNDA:26,escapeRegex
FNDA:8,chop
FNDA:5,lines
FNDA:6,escapeHtml
FNDA:8,unescapeHtml
FNDA:2,escapeRegExp
FNDA:6,stripTags
FNDA:17,slugify
FNDA:11,isBlank
FNDA:4,isEmpty
FNDA:3,isAlpha
FNDA:3,isAlphanumeric
FNDA:6,isNumeric
FNDA:4,randomString
FNDA:14,levenshtein
FNDA:8,similarity
FNDA:6,surround
FNDA:3,uncapitalize
DA:1,1
DA:2,1
DA:3,1
DA:4,1
DA:5,1
DA:6,1
DA:7,1
DA:8,1
DA:9,1
DA:10,1
DA:11,1
DA:12,1
DA:13,1
DA:14,1
DA:15,1
DA:16,1
DA:17,1
DA:18,1
DA:19,1
DA:20,1
DA:21,1
DA:22,1
DA:23,36
DA:24,34
DA:25,34
DA:26,34
DA:27,34
DA:28,34
DA:29,36
DA:30,1
DA:31,1
DA:32,1
DA:33,5
DA:34,5
DA:35,11
DA:36,5
DA:37,5
DA:38,1
DA:39,1
DA:40,1
DA:41,3
DA:42,3
DA:43,1
DA:44,1
DA:45,1
DA:46,3
DA:47,3
DA:48,1
DA:49,1
DA:50,1
DA:51,3
DA:52,3
DA:53,1
DA:54,1
DA:55,1
DA:56,2
DA:57,2
DA:58,1
DA:59,1
DA:60,1
DA:61,2
DA:62,2
DA:63,1
DA:64,1
DA:65,1
DA:66,2
DA:67,2
DA:68,1
DA:69,1
DA:70,1
DA:71,2
DA:72,2
DA:73,2
DA:74,2
DA:75,2
DA:76,1
DA:77,1
DA:78,1
DA:79,1
DA:80,1
DA:81,4
DA:82,2
DA:83,4
DA:84,1
DA:85,1
DA:86,1
DA:87,3
DA:88,1
DA:89,3
DA:90,1
DA:91,1
DA:92,1
DA:93,4
DA:94,2
DA:95,4
DA:96,1
DA:97,1
DA:98,1
DA:99,1
DA:100,1
DA:101,8
DA:102,8
DA:103,8
DA:104,5
DA:105,5
DA:106,5
DA:107,5
DA:108,5
DA:109,5
DA:110,5
DA:111,8
DA:112,1
DA:113,1
DA:114,1
DA:115,6
DA:116,6
DA:117,4
DA:118,4
DA:119,6
DA:120,1
DA:121,1
DA:122,1
DA:123,6
DA:124,6
DA:125,4
DA:126,4
DA:127,6
DA:128,1
DA:129,1
DA:130,1
DA:131,1
DA:132,1
DA:133,9
DA:134,9
DA:135,9
DA:136,9
DA:137,9
DA:138,9
DA:139,9
DA:140,1
DA:141,1
DA:142,1
DA:143,3
DA:144,3
DA:145,3
DA:146,3
DA:147,2
DA:148,3
DA:149,3
DA:150,3
DA:151,3
DA:152,1
DA:153,1
DA:154,1
DA:155,1
DA:156,1
DA:157,3
DA:158,2
DA:159,3
DA:160,1
DA:161,1
DA:162,1
DA:163,2
DA:164,2
DA:165,2
DA:166,2
DA:167,2
DA:168,2
DA:169,2
DA:170,2
DA:171,2
DA:172,2
DA:173,1
DA:174,1
DA:175,1
DA:176,2
DA:177,2
DA:178,1
DA:179,1
DA:180,1
DA:181,2
DA:182,2
DA:183,1
DA:184,1
DA:185,1
DA:186,2
DA:187,2
DA:188,1
DA:189,1
DA:190,1
DA:191,1
DA:192,1
DA:193,3
DA:194,3
DA:195,3
DA:196,1
DA:197,1
DA:198,1
DA:199,9
DA:200,7
DA:201,9
DA:202,1
DA:203,1
DA:204,1
DA:205,2
DA:206,13
DA:207,2
DA:208,2
DA:209,1
DA:210,1
DA:211,1
DA:212,5
DA:213,5
DA:214,1
DA:215,1
DA:216,1
DA:217,3
DA:218,3
DA:219,3
DA:220,1
DA:221,3
DA:222,1
DA:223,1
DA:224,1
DA:225,1
DA:226,1
DA:227,1
DA:228,1
DA:229,1
DA:230,13
DA:231,13
DA:232,13
DA:233,13
DA:234,13
DA:235,15
DA:236,15
DA:237,13
DA:238,13
DA:239,1
DA:240,1
DA:241,1
DA:242,1
DA:243,1
DA:244,1
DA:245,8
DA:246,8
DA:247,5
DA:248,8
DA:249,9
DA:250,9
DA:251,5
DA:252,8
DA:253,1
DA:254,1
DA:255,1
DA:256,5
DA:257,5
DA:258,1
DA:259,1
DA:260,1
DA:261,1
DA:262,1
DA:263,1
DA:264,1
DA:265,1
DA:266,1
DA:267,1
DA:268,1
DA:269,1
DA:270,6
DA:271,6
DA:272,1
DA:273,1
DA:274,1
DA:275,8
DA:276,8
DA:277,24
DA:278,9
DA:279,9
DA:280,9
DA:281,9
DA:282,9
DA:283,15
DA:284,24
DA:285,8
DA:286,8
DA:287,1
DA:288,1
DA:289,1
DA:290,2
DA:291,2
DA:292,1
DA:293,1
DA:294,1
DA:295,6
DA:296,6
DA:297,1
DA:298,1
DA:299,1
DA:300,1
DA:301,1
DA:302,1
DA:303,1
DA:304,1
DA:305,1
DA:306,17
DA:307,17
DA:308,17
DA:309,17
DA:310,17
DA:311,17
DA:312,17
DA:313,17
DA:314,17
DA:315,17
DA:316,17
DA:317,17
DA:318,1
DA:319,1
DA:320,1
DA:321,1
DA:322,1
DA:323,11
DA:324,11
DA:325,1
DA:326,1
DA:327,1
DA:328,4
DA:329,4
DA:330,1
DA:331,1
DA:332,1
DA:333,3
DA:334,3
DA:335,1
DA:336,1
DA:337,1
DA:338,3
DA:339,3
DA:340,1
DA:341,1
DA:342,1
DA:343,6
DA:344,6
DA:345,6
DA:346,1
DA:347,1
DA:348,1
DA:349,1
DA:350,1
DA:351,4
DA:352,4
DA:353,35
DA:354,35
DA:355,4
DA:356,4
DA:357,1
DA:358,1
DA:359,1
DA:360,14
DA:361,14
DA:362,14
DA:363,9
DA:364,9
DA:365,14
DA:366,14
DA:367,34
DA:368,34
DA:369,166
DA:370,166
DA:371,166
DA:372,34
DA:373,34
DA:374,9
DA:375,14
DA:376,1
DA:377,1
DA:378,1
DA:379,8
DA:380,6
DA:381,8
DA:382,6
DA:383,8
DA:384,1
DA:385,1
DA:386,1
DA:387,6
DA:388,6
DA:389,6
DA:390,1
DA:391,1
DA:392,1
DA:393,3
DA:394,3
DA:395,3
DA:396,1
DA:397,1
DA:398,1
DA:399,1
DA:400,1
DA:401,1
DA:402,1
DA:403,1
DA:404,1
DA:405,1
DA:406,1
DA:407,1
DA:408,1
DA:409,1
DA:410,1
LF:410
LH:410
BRDA:1,0,0,1
BRDA:22,1,0,36
BRDA:23,2,0,2
BRDA:24,3,0,34
BRDA:32,4,0,5
BRDA:34,5,0,11
BRDA:35,6,0,5
BRDA:35,7,0,6
BRDA:40,8,0,3
BRDA:41,9,0,6
BRDA:45,10,0,3
BRDA:46,11,0,6
BRDA:50,12,0,3
BRDA:51,13,0,6
BRDA:55,14,0,2
BRDA:56,15,0,4
BRDA:60,16,0,2
BRDA:61,17,0,4
BRDA:65,18,0,2
BRDA:66,19,0,6
BRDA:70,20,0,2
BRDA:72,21,0,0
BRDA:74,22,0,3
BRDA:80,23,0,4
BRDA:81,24,0,2
BRDA:86,25,0,3
BRDA:87,26,0,2
BRDA:88,27,0,1
BRDA:88,28,0,2
BRDA:92,29,0,4
BRDA:93,30,0,2
BRDA:100,31,0,8
BRDA:102,32,0,2
BRDA:103,33,0,6
BRDA:103,34,0,1
BRDA:103,35,0,5
BRDA:114,36,0,6
BRDA:116,37,0,5
BRDA:116,38,0,2
BRDA:117,39,0,4
BRDA:122,40,0,6
BRDA:124,41,0,5
BRDA:124,42,0,2
BRDA:125,43,0,4
BRDA:132,44,0,9
BRDA:134,45,0,1
BRDA:135,46,0,1
BRDA:136,47,0,8
BRDA:136,48,0,6
BRDA:136,49,0,2
BRDA:137,50,0,4
BRDA:137,51,0,0
BRDA:138,52,0,2
BRDA:142,53,0,3
BRDA:144,54,0,1
BRDA:145,55,0,2
BRDA:145,56,0,0
BRDA:146,57,0,0
BRDA:147,58,0,2
BRDA:148,59,0,6
BRDA:148,60,0,5
BRDA:149,61,0,2
BRDA:149,62,0,1
BRDA:149,63,0,0
BRDA:150,64,0,2
BRDA:150,65,0,0
BRDA:156,66,0,3
BRDA:157,67,0,1
BRDA:158,68,0,2
BRDA:162,69,0,2
BRDA:165,70,0,0
BRDA:175,71,0,2
BRDA:176,72,0,3
BRDA:180,73,0,2
BRDA:181,74,0,3
BRDA:185,75,0,2
BRDA:186,76,0,4
BRDA:192,77,0,3
BRDA:194,78,0,2
BRDA:194,79,0,1
BRDA:198,80,0,9
BRDA:199,81,0,2
BRDA:200,82,0,7
BRDA:200,83,0,13
BRDA:204,84,0,2
BRDA:205,85,0,13
BRDA:206,86,0,4
BRDA:206,87,0,9
BRDA:211,88,0,5
BRDA:216,89,0,3
BRDA:218,90,0,1
BRDA:219,91,0,2
BRDA:219,92,0,1
BRDA:229,93,0,13
BRDA:230,94,0,11
BRDA:231,95,0,11
BRDA:232,96,0,26
BRDA:234,97,0,15
BRDA:236,98,0,11
BRDA:236,99,0,4
BRDA:236,100,0,1
BRDA:236,101,0,3
BRDA:235,102,0,22
BRDA:235,103,0,20
BRDA:244,104,0,8
BRDA:246,105,0,3
BRDA:247,106,0,5
BRDA:248,107,0,9
BRDA:251,108,0,5
BRDA:255,109,0,5
BRDA:265,110,0,5
BRDA:269,111,0,6
BRDA:270,112,0,27
BRDA:274,113,0,8
BRDA:276,114,0,24
BRDA:277,115,0,9
BRDA:278,116,0,7
BRDA:279,117,0,2
BRDA:280,118,0,7
BRDA:283,119,0,15
BRDA:284,120,0,0
BRDA:289,121,0,2
BRDA:294,122,0,6
BRDA:305,123,0,17
BRDA:306,124,0,14
BRDA:313,125,0,0
BRDA:316,126,0,15
BRDA:316,127,0,2
BRDA:322,128,0,11
BRDA:323,129,0,8
BRDA:327,130,0,4
BRDA:328,131,0,2
BRDA:332,132,0,3
BRDA:337,133,0,3
BRDA:342,134,0,6
BRDA:343,135,0,1
BRDA:344,136,0,5
BRDA:344,137,0,4
BRDA:350,138,0,4
BRDA:352,139,0,35
BRDA:359,140,0,14
BRDA:361,141,0,3
BRDA:362,142,0,11
BRDA:362,143,0,2
BRDA:363,144,0,9
BRDA:365,145,0,49
BRDA:366,146,0,9
BRDA:366,147,0,34
BRDA:368,148,0,166
BRDA:369,149,0,32
BRDA:369,150,0,134
BRDA:372,151,0,200
BRDA:374,152,0,9
BRDA:378,153,0,8
BRDA:379,154,0,2
BRDA:379,155,0,2
BRDA:380,156,0,6
BRDA:381,157,0,0
BRDA:382,158,0,6
BRDA:386,159,0,6
BRDA:387,160,0,2
BRDA:387,161,0,4
BRDA:388,162,0,1
BRDA:388,163,0,1
BRDA:388,164,0,0
BRDA:392,165,0,3
BRDA:394,166,0,2
BRDA:394,167,0,1
BRF:168
BRH:157
end_of_record
