TN:
SF:index.js
FN:22,words
FN:32,camelCase
FN:40,pascalCase
FN:45,snakeCase
FN:50,kebabCase
FN:55,constantCase
FN:60,dotCase
FN:65,titleCase
FN:70,sentenceCase
FN:80,compact
FN:86,trimLines
FN:92,stripWhitespace
FN:100,pad
FN:114,padLeft
FN:122,padRight
FN:132,truncate
FN:142,prune
FN:156,count
FN:162,indexOfAll
FN:175,startsWithAny
FN:180,endsWithAny
FN:185,containsAny
FN:192,capitalize
FN:198,capitalizeWords
FN:204,swapCase
FN:211,reverse
FN:216,repeat
FN:229,interpolate
FN:232,escapeRegex
FN:244,chop
FN:255,lines
FN:266,escapeHtml
FN:271,unescapeHtml
FN:286,escapeRegExp
FN:291,stripTags
FN:302,slugify
FN:319,isBlank
FN:324,isEmpty
FN:329,isAlpha
FN:334,isAlphanumeric
FN:339,isNumeric
FN:347,randomString
FN:356,levenshtein
FN:375,similarity
FN:383,surround
FN:389,uncapitalize
FNF:46
FNH:46
FNDA:39,words
FNDA:5,camelCase
FNDA:3,pascalCase
FNDA:3,snakeCase
FNDA:3,kebabCase
FNDA:2,constantCase
FNDA:2,dotCase
FNDA:2,titleCase
FNDA:5,sentenceCase
FNDA:4,compact
FNDA:3,trimLines
FNDA:4,stripWhitespace
FNDA:8,pad
FNDA:7,padLeft
FNDA:7,padRight
FNDA:12,truncate
FNDA:12,prune
FNDA:4,count
FNDA:6,indexOfAll
FNDA:2,startsWithAny
FNDA:2,endsWithAny
FNDA:2,containsAny
FNDA:3,capitalize
FNDA:9,capitalizeWords
FNDA:2,swapCase
FNDA:5,reverse
FNDA:4,repeat
FNDA:15,interpolate
FNDA:30,escapeRegex
FNDA:8,chop
FNDA:5,lines
FNDA:6,escapeHtml
FNDA:13,unescapeHtml
FNDA:2,escapeRegExp
FNDA:6,stripTags
FNDA:19,slugify
FNDA:18,isBlank
FNDA:4,isEmpty
FNDA:3,isAlpha
FNDA:3,isAlphanumeric
FNDA:8,isNumeric
FNDA:4,randomString
FNDA:14,levenshtein
FNDA:10,similarity
FNDA:11,surround
FNDA:3,uncapitalize
DA:1,1
DA:2,1
DA:3,1
DA:4,1
DA:5,1
DA:6,1
DA:7,1
DA:8,1
DA:9,1
DA:10,1
DA:11,1
DA:12,1
DA:13,1
DA:14,1
DA:15,1
DA:16,1
DA:17,1
DA:18,1
DA:19,1
DA:20,1
DA:21,1
DA:22,1
DA:23,39
DA:24,36
DA:25,36
DA:26,36
DA:27,36
DA:28,36
DA:29,39
DA:30,1
DA:31,1
DA:32,1
DA:33,5
DA:34,5
DA:35,11
DA:36,5
DA:37,5
DA:38,1
DA:39,1
DA:40,1
DA:41,3
DA:42,3
DA:43,1
DA:44,1
DA:45,1
DA:46,3
DA:47,3
DA:48,1
DA:49,1
DA:50,1
DA:51,3
DA:52,3
DA:53,1
DA:54,1
DA:55,1
DA:56,2
DA:57,2
DA:58,1
DA:59,1
DA:60,1
DA:61,2
DA:62,2
DA:63,1
DA:64,1
DA:65,1
DA:66,2
DA:67,2
DA:68,1
DA:69,1
DA:70,1
DA:71,5
DA:72,5
DA:73,2
DA:74,2
DA:75,5
DA:76,1
DA:77,1
DA:78,1
DA:79,1
DA:80,1
DA:81,4
DA:82,2
DA:83,4
DA:84,1
DA:85,1
DA:86,1
DA:87,3
DA:88,1
DA:89,3
DA:90,1
DA:91,1
DA:92,1
DA:93,4
DA:94,2
DA:95,4
DA:96,1
DA:97,1
DA:98,1
DA:99,1
DA:100,1
DA:101,8
DA:102,8
DA:103,8
DA:104,5
DA:105,5
DA:106,5
DA:107,5
DA:108,5
DA:109,5
DA:110,5
DA:111,8
DA:112,1
DA:113,1
DA:114,1
DA:115,7
DA:116,7
DA:117,4
DA:118,4
DA:119,7
DA:120,1
DA:121,1
DA:122,1
DA:123,7
DA:124,7
DA:125,4
DA:126,4
DA:127,7
DA:128,1
DA:129,1
DA:130,1
DA:131,1
DA:132,1
DA:133,12
DA:134,12
DA:135,12
DA:136,12
DA:137,12
DA:138,12
DA:139,12
DA:140,1
DA:141,1
DA:142,1
DA:143,12
DA:144,12
DA:145,12
DA:146,12
DA:147,6
DA:148,12
DA:149,12
DA:150,12
DA:151,12
DA:152,1
DA:153,1
DA:154,1
DA:155,1
DA:156,1
DA:157,4
DA:158,2
DA:159,4
DA:160,1
DA:161,1
DA:162,1
DA:163,6
DA:164,6
DA:165,6
DA:166,2
DA:167,2
DA:168,2
DA:169,2
DA:170,2
DA:171,2
DA:172,6
DA:173,1
DA:174,1
DA:175,1
DA:176,2
DA:177,2
DA:178,1
DA:179,1
DA:180,1
DA:181,2
DA:182,2
DA:183,1
DA:184,1
DA:185,1
DA:186,2
DA:187,2
DA:188,1
DA:189,1
DA:190,1
DA:191,1
DA:192,1
DA:193,3
DA:194,3
DA:195,3
DA:196,1
DA:197,1
DA:198,1
DA:199,9
DA:200,7
DA:201,9
DA:202,1
DA:203,1
DA:204,1
DA:205,2
DA:206,13
DA:207,2
DA:208,2
DA:209,1
DA:210,1
DA:211,1
DA:212,5
DA:213,5
DA:214,1
DA:215,1
DA:216,1
DA:217,4
DA:218,4
DA:219,4
DA:220,2
DA:221,4
DA:222,1
DA:223,1
DA:224,1
DA:225,1
DA:226,1
DA:227,1
DA:228,1
DA:229,1
DA:230,15
DA:231,15
DA:232,15
DA:233,15
DA:234,15
DA:235,17
DA:236,17
DA:237,15
DA:238,15
DA:239,1
DA:240,1
DA:241,1
DA:242,1
DA:243,1
DA:244,1
DA:245,8
DA:246,8
DA:247,5
DA:248,8
DA:249,9
DA:250,9
DA:251,5
DA:252,8
DA:253,1
DA:254,1
DA:255,1
DA:256,5
DA:257,5
DA:258,1
DA:259,1
DA:260,1
DA:261,1
DA:262,1
DA:263,1
DA:264,1
DA:265,1
DA:266,1
DA:267,6
DA:268,6
DA:269,1
DA:270,1
DA:271,1
DA:272,13
DA:273,13
DA:274,24
DA:275,9
DA:276,9
DA:277,9
DA:278,9
DA:279,9
DA:280,15
DA:281,24
DA:282,13
DA:283,13
DA:284,1
DA:285,1
DA:286,1
DA:287,2
DA:288,2
DA:289,1
DA:290,1
DA:291,1
DA:292,6
DA:293,6
DA:294,1
DA:295,1
DA:296,1
DA:297,1
DA:298,1
DA:299,1
DA:300,1
DA:301,1
DA:302,1
DA:303,19
DA:304,19
DA:305,19
DA:306,19
DA:307,19
DA:308,19
DA:309,19
DA:310,19
DA:311,19
DA:312,19
DA:313,19
DA:314,19
DA:315,1
DA:316,1
DA:317,1
DA:318,1
DA:319,1
DA:320,18
DA:321,18
DA:322,1
DA:323,1
DA:324,1
DA:325,4
DA:326,4
DA:327,1
DA:328,1
DA:329,1
DA:330,3
DA:331,3
DA:332,1
DA:333,1
DA:334,1
DA:335,3
DA:336,3
DA:337,1
DA:338,1
DA:339,1
DA:340,8
DA:341,8
DA:342,8
DA:343,1
DA:344,1
DA:345,1
DA:346,1
DA:347,1
DA:348,4
DA:349,4
DA:350,35
DA:351,35
DA:352,4
DA:353,4
DA:354,1
DA:355,1
DA:356,1
DA:357,14
DA:358,14
DA:359,14
DA:360,9
DA:361,9
DA:362,14
DA:363,14
DA:364,34
DA:365,34
DA:366,166
DA:367,166
DA:368,166
DA:369,34
DA:370,34
DA:371,9
DA:372,14
DA:373,1
DA:374,1
DA:375,1
DA:376,10
DA:377,6
DA:378,10
DA:379,6
DA:380,10
DA:381,1
DA:382,1
DA:383,1
DA:384,11
DA:385,11
DA:386,11
DA:387,1
DA:388,1
DA:389,1
DA:390,3
DA:391,3
DA:392,3
DA:393,1
DA:394,1
DA:395,1
DA:396,1
DA:397,1
DA:398,1
DA:399,1
DA:400,1
DA:401,1
DA:402,1
DA:403,1
DA:404,1
DA:405,1
DA:406,1
DA:407,1
LF:407
LH:407
BRDA:1,0,0,1
BRDA:22,1,0,39
BRDA:23,2,0,3
BRDA:24,3,0,36
BRDA:32,4,0,5
BRDA:34,5,0,11
BRDA:35,6,0,5
BRDA:35,7,0,6
BRDA:40,8,0,3
BRDA:41,9,0,6
BRDA:45,10,0,3
BRDA:46,11,0,6
BRDA:50,12,0,3
BRDA:51,13,0,6
BRDA:55,14,0,2
BRDA:56,15,0,4
BRDA:60,16,0,2
BRDA:61,17,0,4
BRDA:65,18,0,2
BRDA:66,19,0,6
BRDA:70,20,0,5
BRDA:72,21,0,3
BRDA:73,22,0,2
BRDA:74,23,0,3
BRDA:80,24,0,4
BRDA:81,25,0,2
BRDA:86,26,0,3
BRDA:87,27,0,2
BRDA:88,28,0,1
BRDA:88,29,0,2
BRDA:92,30,0,4
BRDA:93,31,0,2
BRDA:100,32,0,8
BRDA:102,33,0,2
BRDA:103,34,0,6
BRDA:103,35,0,1
BRDA:103,36,0,5
BRDA:114,37,0,7
BRDA:116,38,0,6
BRDA:116,39,0,3
BRDA:117,40,0,4
BRDA:122,41,0,7
BRDA:124,42,0,6
BRDA:124,43,0,3
BRDA:125,44,0,4
BRDA:132,45,0,12
BRDA:134,46,0,1
BRDA:135,47,0,1
BRDA:136,48,0,11
BRDA:136,49,0,7
BRDA:136,50,0,4
BRDA:137,51,0,7
BRDA:137,52,0,5
BRDA:137,53,0,2
BRDA:138,54,0,4
BRDA:138,55,0,2
BRDA:142,56,0,12
BRDA:144,57,0,2
BRDA:145,58,0,10
BRDA:145,59,0,6
BRDA:145,60,0,4
BRDA:146,61,0,4
BRDA:146,62,0,2
BRDA:147,63,0,6
BRDA:148,64,0,22
BRDA:148,65,0,20
BRDA:149,66,0,6
BRDA:149,67,0,4
BRDA:149,68,0,3
BRDA:149,69,0,1
BRDA:150,70,0,6
BRDA:150,71,0,2
BRDA:156,72,0,4
BRDA:157,73,0,2
BRDA:162,74,0,6
BRDA:165,75,0,4
BRDA:166,76,0,2
BRDA:175,77,0,2
BRDA:176,78,0,3
BRDA:180,79,0,2
BRDA:181,80,0,3
BRDA:185,81,0,2
BRDA:186,82,0,4
BRDA:192,83,0,3
BRDA:194,84,0,2
BRDA:194,85,0,1
BRDA:198,86,0,9
BRDA:199,87,0,2
BRDA:200,88,0,7
BRDA:200,89,0,13
BRDA:204,90,0,2
BRDA:205,91,0,13
BRDA:206,92,0,4
BRDA:206,93,0,9
BRDA:211,94,0,5
BRDA:216,95,0,4
BRDA:218,96,0,1
BRDA:219,97,0,3
BRDA:219,98,0,1
BRDA:220,99,0,2
BRDA:229,100,0,15
BRDA:230,101,0,13
BRDA:231,102,0,13
BRDA:232,103,0,30
BRDA:234,104,0,17
BRDA:236,105,0,11
BRDA:236,106,0,6
BRDA:236,107,0,1
BRDA:236,108,0,5
BRDA:235,109,0,24
BRDA:235,110,0,22
BRDA:244,111,0,8
BRDA:246,112,0,3
BRDA:247,113,0,5
BRDA:248,114,0,9
BRDA:251,115,0,5
BRDA:255,116,0,5
BRDA:266,117,0,6
BRDA:267,118,0,27
BRDA:271,119,0,13
BRDA:273,120,0,24
BRDA:274,121,0,9
BRDA:275,122,0,7
BRDA:276,123,0,2
BRDA:277,124,0,7
BRDA:280,125,0,15
BRDA:281,126,0,0
BRDA:286,127,0,2
BRDA:291,128,0,6
BRDA:302,129,0,19
BRDA:303,130,0,16
BRDA:310,131,0,17
BRDA:310,132,0,2
BRDA:313,133,0,17
BRDA:313,134,0,2
BRDA:319,135,0,18
BRDA:320,136,0,10
BRDA:324,137,0,4
BRDA:325,138,0,2
BRDA:329,139,0,3
BRDA:334,140,0,3
BRDA:339,141,0,8
BRDA:340,142,0,3
BRDA:341,143,0,5
BRDA:341,144,0,4
BRDA:347,145,0,4
BRDA:349,146,0,35
BRDA:356,147,0,14
BRDA:358,148,0,3
BRDA:359,149,0,11
BRDA:359,150,0,2
BRDA:360,151,0,9
BRDA:362,152,0,49
BRDA:363,153,0,9
BRDA:363,154,0,34
BRDA:365,155,0,166
BRDA:366,156,0,32
BRDA:366,157,0,134
BRDA:369,158,0,200
BRDA:371,159,0,9
BRDA:375,160,0,10
BRDA:376,161,0,4
BRDA:376,162,0,4
BRDA:377,163,0,6
BRDA:378,164,0,0
BRDA:379,165,0,6
BRDA:383,166,0,11
BRDA:384,167,0,2
BRDA:384,168,0,9
BRDA:385,169,0,5
BRDA:385,170,0,6
BRDA:385,171,0,4
BRDA:389,172,0,3
BRDA:391,173,0,2
BRDA:391,174,0,1
BRF:175
BRH:173
end_of_record
